<?xml version="1.0" encoding="UTF-8"?>
<testng-results ignored="0" total="1" passed="1" failed="0" skipped="0">
  <reporter-output>
  </reporter-output>
  <suite started-at="2021-04-17T01:05:36Z" name="Suite" finished-at="2021-04-17T01:05:51Z" duration-ms="15632">
    <groups>
    </groups>
    <test started-at="2021-04-17T01:05:36Z" name="Test" finished-at="2021-04-17T01:05:51Z" duration-ms="15632">
      <class name="com.learnautomation.testcases.LogInToPLDTCRM">
        <test-method is-config="true" signature="setUpSuite()[pri:0, instance:com.learnautomation.testcases.LogInToPLDTCRM@c0c2f8d]" started-at="2021-04-17T01:05:35Z" name="setUpSuite" finished-at="2021-04-17T01:05:36Z" duration-ms="1258" status="PASS">
          <reporter-output>
          </reporter-output>
        </test-method> <!-- setUpSuite -->
        <test-method is-config="true" signature="setup()[pri:0, instance:com.learnautomation.testcases.LogInToPLDTCRM@c0c2f8d]" started-at="2021-04-17T01:05:36Z" name="setup" finished-at="2021-04-17T01:05:43Z" duration-ms="7603" status="PASS">
          <reporter-output>
          </reporter-output>
        </test-method> <!-- setup -->
        <test-method signature="loginApp()[pri:0, instance:com.learnautomation.testcases.LogInToPLDTCRM@c0c2f8d]" started-at="2021-04-17T01:05:43Z" name="loginApp" finished-at="2021-04-17T01:05:50Z" duration-ms="6364" status="PASS">
          <reporter-output>
          </reporter-output>
        </test-method> <!-- loginApp -->
        <test-method is-config="true" signature="tearDown()[pri:0, instance:com.learnautomation.testcases.LogInToPLDTCRM@c0c2f8d]" started-at="2021-04-17T01:05:50Z" name="tearDown" finished-at="2021-04-17T01:05:51Z" duration-ms="1621" status="PASS">
          <reporter-output>
          </reporter-output>
        </test-method> <!-- tearDown -->
      </class> <!-- com.learnautomation.testcases.LogInToPLDTCRM -->
    </test> <!-- Test -->
  </suite> <!-- Suite -->
</testng-results>
